<?xml version="1.0" encoding="UTF-8"?>
<testsuite xmlns:xsi="http://www.w3.org/2001/XMLSchema-instance" xsi:noNamespaceSchemaLocation="https://maven.apache.org/surefire/maven-surefire-plugin/xsd/surefire-test-report-3.0.xsd" version="3.0" name="com.lospollos.api.ApiApplicationTests" time="8.76" tests="1" errors="0" skipped="0" failures="0">
  <properties>
[...]
</properties>
  <testcase name="contextLoads" classname="com.lospollos.api.ApiApplicationTests" time="0.35">
    <system-out><![CDATA[18:14:19.557 [main] INFO org.springframework.test.context.support.AnnotationConfigContextLoaderUtils -- Could not detect default configuration classes for test class [com.lospollos.api.ApiApplicationTests]: ApiApplicationTests does not declare any static, non-private, non-final, nested classes annotated with @Configuration.
18:14:19.641 [main] INFO org.springframework.boot.test.context.SpringBootTestContextBootstrapper -- Found @SpringBootConfiguration com.lospollos.api.ApiApplication for test class com.lospollos.api.ApiApplicationTests

  .   ____          _            __ _ _
 /\\ / ___'_ __ _ _(_)_ __  __ _ \ \ \ \
( ( )\___ | '_ | '_| | '_ \/ _` | \ \ \ \
 \\/  ___)| |_)| | | | | || (_| |  ) ) ) )
  '  |____| .__|_| |_|_| |_\__, | / / / /
 =========|_|==============|___/=/_/_/_/

 :: Spring Boot ::                (v3.3.5)

2024-11-14T18:14:19.976+01:00  INFO 10796 --- [api] [           main] com.lospollos.api.ApiApplicationTests    : Starting ApiApplicationTests using Java 17.0.13 with PID 10796 (started by cloud in C:\Users\cloud\Desktop\Spring\api)
2024-11-14T18:14:19.977+01:00  INFO 10796 --- [api] [           main] com.lospollos.api.ApiApplicationTests    : No active profile set, falling back to 1 default profile: "default"
2024-11-14T18:14:20.516+01:00  INFO 10796 --- [api] [           main] .s.d.r.c.RepositoryConfigurationDelegate : Bootstrapping Spring Data JPA repositories in DEFAULT mode.
2024-11-14T18:14:20.582+01:00  INFO 10796 --- [api] [           main] .s.d.r.c.RepositoryConfigurationDelegate : Finished Spring Data repository scanning in 59 ms. Found 6 JPA repository interfaces.
2024-11-14T18:14:21.007+01:00  INFO 10796 --- [api] [           main] o.hibernate.jpa.internal.util.LogHelper  : HHH000204: Processing PersistenceUnitInfo [name: default]
2024-11-14T18:14:21.049+01:00  INFO 10796 --- [api] [           main] org.hibernate.Version                    : HHH000412: Hibernate ORM core version 6.5.3.Final
2024-11-14T18:14:21.073+01:00  INFO 10796 --- [api] [           main] o.h.c.internal.RegionFactoryInitiator    : HHH000026: Second-level cache disabled
2024-11-14T18:14:21.356+01:00  INFO 10796 --- [api] [           main] o.s.o.j.p.SpringPersistenceUnitInfo      : No LoadTimeWeaver setup: ignoring JPA class transformer
2024-11-14T18:14:21.386+01:00  INFO 10796 --- [api] [           main] com.zaxxer.hikari.HikariDataSource       : HikariPool-1 - Starting...
2024-11-14T18:14:22.675+01:00  INFO 10796 --- [api] [           main] com.zaxxer.hikari.pool.HikariPool        : HikariPool-1 - Added connection org.postgresql.jdbc.PgConnection@3dd2b9c1
2024-11-14T18:14:22.676+01:00  INFO 10796 --- [api] [           main] com.zaxxer.hikari.HikariDataSource       : HikariPool-1 - Start completed.
2024-11-14T18:14:22.802+01:00  WARN 10796 --- [api] [           main] org.hibernate.orm.deprecation            : HHH90000025: PostgreSQLDialect does not need to be specified explicitly using 'hibernate.dialect' (remove the property setting and it will be selected by default)
2024-11-14T18:14:23.708+01:00  INFO 10796 --- [api] [           main] o.h.e.t.j.p.i.JtaPlatformInitiator       : HHH000489: No JTA platform available (set 'hibernate.transaction.jta.platform' to enable JTA platform integration)
2024-11-14T18:14:26.560+01:00  INFO 10796 --- [api] [           main] j.LocalContainerEntityManagerFactoryBean : Initialized JPA EntityManagerFactory for persistence unit 'default'
2024-11-14T18:14:26.800+01:00  INFO 10796 --- [api] [           main] o.s.d.j.r.query.QueryEnhancerFactory     : Hibernate is in classpath; If applicable, HQL parser will be used.
2024-11-14T18:14:27.218+01:00  INFO 10796 --- [api] [           main] r$InitializeUserDetailsManagerConfigurer : Global AuthenticationManager configured with UserDetailsService bean with name customUserDetailsService
2024-11-14T18:14:27.266+01:00  WARN 10796 --- [api] [           main] JpaBaseConfiguration$JpaWebConfiguration : spring.jpa.open-in-view is enabled by default. Therefore, database queries may be performed during view rendering. Explicitly configure spring.jpa.open-in-view to disable this warning
2024-11-14T18:14:27.831+01:00  INFO 10796 --- [api] [           main] com.lospollos.api.ApiApplicationTests    : Started ApiApplicationTests in 8.064 seconds (process running for 8.794)
]]></system-out>
  </testcase>
</testsuite>